生成启动时间为 2016/9/22 20:20:00。
     1>项目“C:\Users\rerev\Documents\Visual Studio 2013\Projects\GL_Lighting\GL\GL.vcxproj”在节点 2 上(Build 个目标)。
     1>C:\Program Files (x86)\MSBuild\Microsoft.Cpp\v4.0\V120\Microsoft.CppBuild.targets(388,5): warning MSB8028: The intermediate directory (Debug\) contains files shared from another project (GL.vcxproj).  This can lead to incorrect clean and rebuild behavior.
     1>ClCompile:
         C:\Program Files (x86)\Microsoft Visual Studio 12.0\VC\bin\CL.exe /c /ZI /nologo /W3 /WX- /sdl /Od /Oy- /D _MBCS /Gm /EHsc /RTC1 /MDd /GS /fp:precise /Zc:wchar_t /Zc:forScope /Fo"Debug\\" /Fd"Debug\vc120.pdb" /Gd /TP /analyze- /errorReport:prompt main.cpp
         main.cpp
     1>c:\users\rerev\documents\visual studio 2013\projects\gl_lighting\gl\main.cpp(158): warning C4244: “初始化”: 从“double”转换到“GLfloat”，可能丢失数据
     1>c:\users\rerev\documents\visual studio 2013\projects\gl_lighting\gl\main.cpp(255): warning C4244: “=”: 从“double”转换到“GLfloat”，可能丢失数据
     1>c:\users\rerev\documents\visual studio 2013\projects\gl_lighting\gl\main.cpp(256): warning C4244: “=”: 从“double”转换到“GLfloat”，可能丢失数据
     1>c:\users\rerev\documents\visual studio 2013\projects\gl_lighting\gl\main.cpp(260): warning C4244: “初始化”: 从“double”转换到“GLfloat”，可能丢失数据
     1>c:\users\rerev\documents\visual studio 2013\projects\gl_lighting\gl\main.cpp(261): warning C4244: “初始化”: 从“double”转换到“GLfloat”，可能丢失数据
     1>c:\users\rerev\documents\visual studio 2013\projects\gl_lighting\gl\main.cpp(263): warning C4244: “=”: 从“double”转换到“GLfloat”，可能丢失数据
     1>c:\users\rerev\documents\visual studio 2013\projects\gl_lighting\gl\main.cpp(264): warning C4244: “=”: 从“double”转换到“GLfloat”，可能丢失数据
     1>c:\users\rerev\documents\visual studio 2013\projects\gl_lighting\gl\main.cpp(271): warning C4244: “参数”: 从“double”转换到“GLfloat”，可能丢失数据
       Link:
         C:\Program Files (x86)\Microsoft Visual Studio 12.0\VC\bin\link.exe /ERRORREPORT:PROMPT /OUT:"C:\Users\rerev\Documents\Visual Studio 2013\Projects\GL_Lighting\Debug\GL_Lighting.exe" /INCREMENTAL /NOLOGO SOIL.lib glfw3.lib opengl32.lib glew32s.lib kernel32.lib user32.lib gdi32.lib winspool.lib comdlg32.lib advapi32.lib shell32.lib ole32.lib oleaut32.lib uuid.lib odbc32.lib odbccp32.lib /MANIFEST /MANIFESTUAC:"level='asInvoker' uiAccess='false'" /manifest:embed /DEBUG /PDB:"C:\Users\rerev\Documents\Visual Studio 2013\Projects\GL_Lighting\Debug\GL_Lighting.pdb" /TLBID:1 /DYNAMICBASE /NXCOMPAT /IMPLIB:"C:\Users\rerev\Documents\Visual Studio 2013\Projects\GL_Lighting\Debug\GL_Lighting.lib" /MACHINE:X86 Debug\main.obj
     1>LINK : warning LNK4098: 默认库“MSVCRT”与其他库的使用冲突；请使用 /NODEFAULTLIB:library
     1>LINK : warning LNK4098: 默认库“LIBCMT”与其他库的使用冲突；请使用 /NODEFAULTLIB:library
     1>glew32s.lib(glew.obj) : warning LNK4099: 未找到 PDB“vc120.pdb”(使用“glew32s.lib(glew.obj)”或在“C:\Users\rerev\Documents\Visual Studio 2013\Projects\GL_Lighting\Debug\vc120.pdb”中寻找)；正在链接对象，如同没有调试信息一样
         GL.vcxproj -> C:\Users\rerev\Documents\Visual Studio 2013\Projects\GL_Lighting\Debug\GL_Lighting.exe
     1>已完成生成项目“C:\Users\rerev\Documents\Visual Studio 2013\Projects\GL_Lighting\GL\GL.vcxproj”(Build 个目标)的操作。

生成成功。

已用时间 00:00:01.39
